make all --print-data-base --no-builtin-variables --no-builtin-rules --question
# GNU Make 4.2.1
# Built for x86_64-pc-linux-gnu
# Copyright (C) 1988-2016 Free Software Foundation, Inc.
# License GPLv3+: GNU GPL version 3 or later <http://gnu.org/licenses/gpl.html>
# This is free software: you are free to change and redistribute it.
# There is NO WARRANTY, to the extent permitted by law.

# Make data base, printed on Tue Aug  2 14:58:13 2022

# Variables

# 'override' directive
GNUMAKEFLAGS := 
# automatic
<D = $(patsubst %/,%,$(dir $<))
# automatic
?F = $(notdir $?)
# environment
DESKTOP_SESSION = ubuntu
# default
.SHELLFLAGS := -c
# environment
XDG_SESSION_CLASS = user
# environment
SNAP_COMMON = /var/snap/code/common
# environment
XDG_SESSION_TYPE = x11
# environment
NVM_INC = /home/bebou/.nvm/versions/node/v18.3.0/include/node
# automatic
?D = $(patsubst %/,%,$(dir $?))
# environment
IM_CONFIG_PHASE = 1
# automatic
@D = $(patsubst %/,%,$(dir $@))
# environment
XAUTHORITY = /run/user/1000/gdm/Xauthority
# environment
GDMSESSION = ubuntu
# environment
XMODIFIERS = @im=ibus
# makefile
CURDIR := /home/bebou/Documents/CryptoHack/TPMerkleDamgardPreIm/cry_eng2021_tp_second_preim
# makefile
SHELL = /bin/sh
# environment
SNAP_DATA = /var/snap/code/102
# environment
VSCODE_NLS_CONFIG = {"locale":"fr","availableLanguages":{"*":"fr"},"_languagePackId":"8e1a08857df44efaeace20a1f4372f40.fr","_translationsConfigFile":"/home/bebou/.config/Code/clp/8e1a08857df44efaeace20a1f4372f40.fr/tcf.json","_cacheRoot":"/home/bebou/.config/Code/clp/8e1a08857df44efaeace20a1f4372f40.fr","_resolvedLanguagePackCoreLocation":"/home/bebou/.config/Code/clp/8e1a08857df44efaeace20a1f4372f40.fr/3b889b090b5ad5793f524b5d1d39fda662b96a2a","_corruptedFile":"/home/bebou/.config/Code/clp/8e1a08857df44efaeace20a1f4372f40.fr/corrupted.info","_languagePackSupport":true}
# environment
JOURNAL_STREAM = 8:47740
# makefile (from 'Makefile', line 3)
CFLAGS = -Wall -O3 -march=native
# environment
XDG_CONFIG_DIRS = /etc/xdg/xdg-ubuntu:/etc/xdg
# environment
SNAP_INSTANCE_NAME = code
# environment
SNAP_ARCH = amd64
# makefile (from 'Makefile', line 1)
MAKEFILE_LIST :=  Makefile
# automatic
@F = $(notdir $@)
# environment
GIO_LAUNCHED_DESKTOP_FILE = /var/lib/snapd/desktop/applications/code_code.desktop
# environment
USERNAME = bebou
# makefile (from 'Makefile', line 15)
SOURCES := hashTableForAttack.c second_preim_48_fillme.c hashtable.c
# environment
XDG_DATA_DIRS = /usr/share/ubuntu:/usr/local/share/:/usr/share/:/var/lib/snapd/desktop
# environment
DBUS_SESSION_BUS_ADDRESS = unix:path=/run/user/1000/bus
# environment
_ = /snap/code/102/usr/share/code/code
# environment
MANAGERPID = 1612
# environment
LESSOPEN = | /usr/bin/lesspipe %s
# environment
VSCODE_CWD = /home/bebou
# environment
GSETTINGS_SCHEMA_DIR = /snap/code/102/usr/share/glib-2.0/schemas
# default
MAKE_HOST := x86_64-pc-linux-gnu
# environment
PATH = /home/bebou/.local/bin:/home/bebou/.nvm/versions/node/v18.3.0/bin:/home/bebou/.local/bin:/usr/local/sbin:/usr/local/bin:/usr/sbin:/usr/bin:/sbin:/bin:/usr/games:/usr/local/games:/snap/bin:/home/bebou/.local/share/JetBrains/Toolbox/scripts:/home/bebou/.local/share/JetBrains/Toolbox/scripts
# makefile (from 'Makefile', line 18)
TESTPROGRAM = second_preim_48_fillme
# environment
GPG_AGENT_INFO = /run/user/1000/gnupg/S.gpg-agent:0:1
# environment
SESSION_MANAGER = local/bebou-Inspiron-15-3511:@/tmp/.ICE-unix/1828,unix/bebou-Inspiron-15-3511:/tmp/.ICE-unix/1828
# environment
XDG_RUNTIME_DIR = /run/user/1000
# environment
GDK_PIXBUF_MODULE_FILE = /home/bebou/snap/code/common/.cache/gdk-pixbuf-loaders.cache
# environment
SNAP = /snap/code/102
# environment
NVM_BIN = /home/bebou/.nvm/versions/node/v18.3.0/bin
# environment
SNAP_VERSION = 3b889b09
# environment
XDG_MENU_PREFIX = gnome-
# environment
DISABLE_WAYLAND = 1
# environment
ELECTRON_RUN_AS_NODE = 1
# environment
INVOCATION_ID = 2be67f0b90844e4a967ac787d8b5b8a4
# environment
GDK_PIXBUF_MODULEDIR = /snap/code/102/usr/lib/x86_64-linux-gnu/gdk-pixbuf-2.0/2.10.0/loaders
# default
.FEATURES := target-specific order-only second-expansion else-if shortest-stem undefine oneshell archives jobserver output-sync check-symlink load
# environment
LS_COLORS = 
# environment
XDG_SESSION_DESKTOP = ubuntu
# environment
SSH_AUTH_SOCK = /run/user/1000/keyring/ssh
# environment
GIO_LAUNCHED_DESKTOP_FILE_PID = 48187
# automatic
%F = $(notdir $%)
# environment
DISPLAY = :0
# environment
SNAP_INSTANCE_KEY = 
# environment
PWD = /home/bebou/Documents/CryptoHack/TPMerkleDamgardPreIm/cry_eng2021_tp_second_preim
# default
.LOADED := 
# environment
SSH_AGENT_PID = 1790
# environment
ORIGINAL_XDG_CURRENT_DESKTOP = ubuntu:GNOME
# environment
GTK_MODULES = gail:atk-bridge
# environment
VSCODE_AMD_ENTRYPOINT = vs/workbench/api/node/extensionHostProcess
# environment
HOME = /home/bebou
# environment
LESSCLOSE = /usr/bin/lesspipe %s %s
# environment
VSCODE_CLI = 1
# environment
VSCODE_CODE_CACHE_PATH = /home/bebou/.config/Code/CachedData/3b889b090b5ad5793f524b5d1d39fda662b96a2a
# environment
LOGNAME = bebou
# environment
APPLICATION_INSIGHTS_NO_DIAGNOSTIC_CHANNEL = 1
# environment
SNAP_LIBRARY_PATH = /var/lib/snapd/lib/gl:/var/lib/snapd/lib/gl32:/var/lib/snapd/void
# environment
SNAP_CONTEXT = LP3uEjggA8oiwTvXNUFv-43mc8ZlUKCbaOAowJwyrdr8LWbJwCWo
# environment
NVM_CD_FLAGS = 
# environment
ELECTRON_NO_ATTACH_CONSOLE = 1
# environment
SNAP_USER_COMMON = /home/bebou/snap/code/common
# environment
VSCODE_HANDLES_UNCAUGHT_ERRORS = true
# environment
GNOME_DESKTOP_SESSION_ID = this-is-deprecated
# automatic
^D = $(patsubst %/,%,$(dir $^))
# environment
MAKELEVEL := 0
# environment
SNAP_REAL_HOME = /home/bebou
# default
MAKE = $(MAKE_COMMAND)
# default
MAKECMDGOALS := all
# environment
QT_IM_MODULE = ibus
# environment
SNAP_USER_DATA = /home/bebou/snap/code/102
# environment
SHLVL = 0
# makefile (from 'Makefile', line 2)
CC = gcc
# environment
GNOME_SHELL_SESSION_MODE = ubuntu
# default
MAKE_VERSION := 4.2.1
# environment
USER = bebou
# environment
SNAP_REVISION = 102
# makefile
.DEFAULT_GOAL := all
# environment
XDG_CURRENT_DESKTOP = Unity
# automatic
%D = $(patsubst %/,%,$(dir $%))
# default
MAKE_COMMAND := make
# default
.VARIABLES := 
# automatic
*F = $(notdir $*)
# environment
VSCODE_IPC_HOOK = /run/user/1000/vscode-8240d692-1.69.2-main.sock
# environment
BAMF_DESKTOP_FILE_HINT = /var/lib/snapd/desktop/applications/code_code.desktop
# makefile
MAKEFLAGS = pqrR
# environment
MFLAGS = -pqrR
# automatic
*D = $(patsubst %/,%,$(dir $*))
# environment
NVM_DIR = /home/bebou/.nvm
# automatic
+D = $(patsubst %/,%,$(dir $+))
# environment
GDK_BACKEND = x11
# automatic
+F = $(notdir $+)
# environment
QT_ACCESSIBILITY = 1
# default
MAKEFILES := 
# environment
SNAP_COOKIE = LP3uEjggA8oiwTvXNUFv-43mc8ZlUKCbaOAowJwyrdr8LWbJwCWo
# automatic
<F = $(notdir $<)
# environment
SNAP_NAME = code
# environment
LC_ALL = C
# environment
GJS_DEBUG_TOPICS = JS ERROR;JS LOG
# automatic
^F = $(notdir $^)
# default
SUFFIXES := 
# environment
SNAP_REEXEC = 
# environment
CHROME_DESKTOP = code-url-handler.desktop
# environment
WINDOWPATH = 2
# default
.INCLUDE_DIRS = /usr/include /usr/local/include /usr/include
# environment
GJS_DEBUG_OUTPUT = stderr
# default
.RECIPEPREFIX := 
# makefile (from 'Makefile', line 16)
OBJECTS :=  hashTableForAttack.o  second_preim_48_fillme.o  hashtable.o
# environment
LANG = C
# environment
VSCODE_PID = 48237
# variable set hash-table stats:
# Load=124/1024=12%, Rehash=0, Collisions=17/153=11%

# Pattern-specific Variable Values

# No pattern-specific variable values.

# Directories

# . (device 66306, inode 12191758): 12 files, no impossibilities.

# 12 files, no impossibilities in 1 directories.

# Implicit Rules

%.o: %.c
#  recipe to execute (from 'Makefile', line 23):
	$(CC) -c -o $@ $< $(CFLAGS)

# 1 implicit rules, 0 (0.0%) terminal.
 

# Files

all: second_preim_48_fillme
#  Command line target.
#  Implicit rule search has been done.
#  File does not exist.
#  File has been updated.
#  Successfully updated.

# Not a target:
Makefile:
#  Implicit rule search has been done.
#  Last modified 2022-08-02 14:54:17.660890326
#  File has been updated.
#  Successfully updated.

# Not a target:
.DEFAULT:
#  Implicit rule search has not been done.
#  Modification time never checked.
#  File has not been updated.

# Not a target:
second_preim_48_fillme:
#  Implicit rule search has been done.
#  Last modified 2022-08-02 14:54:37.640424974
#  File has been updated.
#  Successfully updated.

clean:
#  Implicit rule search has not been done.
#  Modification time never checked.
#  File has not been updated.
#  recipe to execute (from 'Makefile', line 26):
	rm -rf *.o $(TESTPROGRAM)

# files hash-table stats:
# Load=6/1024=1%, Rehash=0, Collisions=0/18=0%
# VPATH Search Paths

# No 'vpath' search paths.

# No general ('VPATH' variable) search path.

# strcache buffers: 1 (0) / strings = 20 / storage = 241 B / avg = 12 B
# current buf: size = 8162 B / used = 241 B / count = 20 / avg = 12 B

# strcache performance: lookups = 28 / hit rate = 28%
# hash-table stats:
# Load=20/8192=0%, Rehash=0, Collisions=1/28=4%
# Finished Make data base on Tue Aug  2 14:58:13 2022

 
